<?xml version="1.0" encoding="UTF-8"?>
<testng-results ignored="0" total="1" passed="1" failed="0" skipped="0">
  <reporter-output>
  </reporter-output>
  <suite started-at="2023-02-13T16:38:28 IST" name="Suite" finished-at="2023-02-13T16:40:10 IST" duration-ms="102602">
    <groups>
    </groups>
    <test started-at="2023-02-13T16:38:28 IST" name="SnapdealLogin" finished-at="2023-02-13T16:40:10 IST" duration-ms="102602">
      <class name="com.qa.testscripts.SnapdealLogin">
        <test-method is-config="true" signature="setup(java.lang.String,java.lang.String)[pri:0, instance:com.qa.testscripts.SnapdealLogin@e15b7e8]" started-at="2023-02-13T16:38:28 IST" name="setup" finished-at="2023-02-13T16:39:52 IST" duration-ms="84301" status="PASS">
          <params>
            <param index="0">
              <value>
                <![CDATA[edge]]>
              </value>
            </param>
            <param index="1">
              <value>
                <![CDATA[https://www.snapdeal.com/]]>
              </value>
            </param>
          </params>
          <reporter-output>
          </reporter-output>
        </test-method> <!-- setup -->
        <test-method signature="testcase_001()[pri:0, instance:com.qa.testscripts.SnapdealLogin@e15b7e8]" started-at="2023-02-13T16:39:52 IST" name="testcase_001" finished-at="2023-02-13T16:40:08 IST" duration-ms="15302" status="PASS">
          <reporter-output>
          </reporter-output>
        </test-method> <!-- testcase_001 -->
        <test-method is-config="true" signature="tearDown()[pri:0, instance:com.qa.testscripts.SnapdealLogin@e15b7e8]" started-at="2023-02-13T16:40:08 IST" name="tearDown" finished-at="2023-02-13T16:40:10 IST" duration-ms="2712" status="PASS">
          <reporter-output>
          </reporter-output>
        </test-method> <!-- tearDown -->
      </class> <!-- com.qa.testscripts.SnapdealLogin -->
    </test> <!-- SnapdealLogin -->
  </suite> <!-- Suite -->
</testng-results>
